[142] Log opened at 2025-12-07 03:46:30.717422
[142] [Config] WARN: Not setting up control socket with default value due to unavailable 'tsc' clock
[142] [Step Debug] INFO: Connecting to configured address/port: host.docker.internal:9001.
[142] [Step Debug] WARN: Creating socket for 'host.docker.internal:9001', poll success, but error: Operation now in progress (29).
[142] [Step Debug] ERR: Could not connect to debugging client. Tried: host.docker.internal:9001 (through xdebug.client_host/xdebug.client_port).
[142] [Step Debug] INFO: Connecting to configured address/port: host.docker.internal:9001.
[142] [Step Debug] WARN: Creating socket for 'host.docker.internal:9001', poll success, but error: Operation now in progress (29).
[142] [Step Debug] ERR: Could not connect to debugging client. Tried: host.docker.internal:9001 (through xdebug.client_host/xdebug.client_port).
[449] Log opened at 2025-12-07 03:46:51.982606
[449] [Config] WARN: Not setting up control socket with default value due to unavailable 'tsc' clock
[449] [Step Debug] INFO: Connecting to configured address/port: host.docker.internal:9001.
[449] [Step Debug] WARN: Creating socket for 'host.docker.internal:9001', poll success, but error: Operation now in progress (29).
[449] [Step Debug] ERR: Could not connect to debugging client. Tried: host.docker.internal:9001 (through xdebug.client_host/xdebug.client_port).
[449] [Step Debug] INFO: Connecting to configured address/port: host.docker.internal:9001.
[449] [Step Debug] WARN: Creating socket for 'host.docker.internal:9001', poll success, but error: Operation now in progress (29).
[449] [Step Debug] ERR: Could not connect to debugging client. Tried: host.docker.internal:9001 (through xdebug.client_host/xdebug.client_port).
[449] Log closed at 2025-12-07 03:46:52.278489

[453] Log opened at 2025-12-07 03:46:52.512683
[453] [Config] WARN: Not setting up control socket with default value due to unavailable 'tsc' clock
[453] [Step Debug] INFO: Connecting to configured address/port: host.docker.internal:9001.
[453] [Step Debug] WARN: Creating socket for 'host.docker.internal:9001', poll success, but error: Operation now in progress (29).
[453] [Step Debug] ERR: Could not connect to debugging client. Tried: host.docker.internal:9001 (through xdebug.client_host/xdebug.client_port).
[453] [Step Debug] INFO: Connecting to configured address/port: host.docker.internal:9001.
[453] [Step Debug] WARN: Creating socket for 'host.docker.internal:9001', poll success, but error: Operation now in progress (29).
[453] [Step Debug] ERR: Could not connect to debugging client. Tried: host.docker.internal:9001 (through xdebug.client_host/xdebug.client_port).
[453] Log closed at 2025-12-07 03:46:52.650703

[142] Log closed at 2025-12-07 03:46:52.673501

[75] Log opened at 2025-12-07 03:48:58.558344
[75] [Config] WARN: Not setting up control socket with default value due to unavailable 'tsc' clock
[75] [Step Debug] INFO: Connecting to configured address/port: host.docker.internal:9001.
[75] [Step Debug] WARN: Creating socket for 'host.docker.internal:9001', poll success, but error: Operation now in progress (29).
[75] [Step Debug] ERR: Could not connect to debugging client. Tried: host.docker.internal:9001 (through xdebug.client_host/xdebug.client_port).
[75] [Step Debug] INFO: Connecting to configured address/port: host.docker.internal:9001.
[75] [Step Debug] WARN: Creating socket for 'host.docker.internal:9001', poll success, but error: Operation now in progress (29).
[75] [Step Debug] ERR: Could not connect to debugging client. Tried: host.docker.internal:9001 (through xdebug.client_host/xdebug.client_port).
[75] Log closed at 2025-12-07 03:48:58.946980

[76] Log opened at 2025-12-07 03:49:16.790669
[76] [Config] WARN: Not setting up control socket with default value due to unavailable 'tsc' clock
[76] [Step Debug] INFO: Connecting to configured address/port: host.docker.internal:9001.
[76] [Step Debug] WARN: Creating socket for 'host.docker.internal:9001', poll success, but error: Operation now in progress (29).
[76] [Step Debug] ERR: Could not connect to debugging client. Tried: host.docker.internal:9001 (through xdebug.client_host/xdebug.client_port).
[76] [Step Debug] INFO: Connecting to configured address/port: host.docker.internal:9001.
[76] [Step Debug] WARN: Creating socket for 'host.docker.internal:9001', poll success, but error: Operation now in progress (29).
[76] [Step Debug] ERR: Could not connect to debugging client. Tried: host.docker.internal:9001 (through xdebug.client_host/xdebug.client_port).
[76] Log closed at 2025-12-07 03:49:17.002699

[36] Log opened at 2025-12-07 03:49:42.047016
[36] [Config] WARN: Not setting up control socket with default value due to unavailable 'tsc' clock
[36] Log closed at 2025-12-07 03:49:42.047374

[70] Log opened at 2025-12-07 03:49:48.257424
[70] [Config] WARN: Not setting up control socket with default value due to unavailable 'tsc' clock
[70] [Step Debug] INFO: Connecting to configured address/port: host.docker.internal:9001.
[70] [Step Debug] WARN: Creating socket for 'host.docker.internal:9001', poll success, but error: Operation now in progress (29).
[70] [Step Debug] ERR: Could not connect to debugging client. Tried: host.docker.internal:9001 (through xdebug.client_host/xdebug.client_port).
[70] [Step Debug] INFO: Connecting to configured address/port: host.docker.internal:9001.
[70] [Step Debug] WARN: Creating socket for 'host.docker.internal:9001', poll success, but error: Operation now in progress (29).
[70] [Step Debug] ERR: Could not connect to debugging client. Tried: host.docker.internal:9001 (through xdebug.client_host/xdebug.client_port).
[97] Log opened at 2025-12-07 03:49:48.934132
[97] [Config] WARN: Not setting up control socket with default value due to unavailable 'tsc' clock
[97] [Step Debug] INFO: Connecting to configured address/port: host.docker.internal:9001.
[97] [Step Debug] WARN: Creating socket for 'host.docker.internal:9001', poll success, but error: Operation now in progress (29).
[97] [Step Debug] ERR: Could not connect to debugging client. Tried: host.docker.internal:9001 (through xdebug.client_host/xdebug.client_port).
[97] [Step Debug] INFO: Connecting to configured address/port: host.docker.internal:9001.
[97] [Step Debug] WARN: Creating socket for 'host.docker.internal:9001', poll success, but error: Operation now in progress (29).
[97] [Step Debug] ERR: Could not connect to debugging client. Tried: host.docker.internal:9001 (through xdebug.client_host/xdebug.client_port).
[70] Log closed at 2025-12-07 03:49:49.256049

[97] Log closed at 2025-12-07 03:49:49.516587

[146] Log opened at 2025-12-07 03:56:18.799683
[146] [Config] WARN: Not setting up control socket with default value due to unavailable 'tsc' clock
[146] [Step Debug] INFO: Connecting to configured address/port: host.docker.internal:9001.
[146] [Step Debug] WARN: Creating socket for 'host.docker.internal:9001', poll success, but error: Operation now in progress (29).
[146] [Step Debug] ERR: Could not connect to debugging client. Tried: host.docker.internal:9001 (through xdebug.client_host/xdebug.client_port).
[146] [Step Debug] INFO: Connecting to configured address/port: host.docker.internal:9001.
[146] [Step Debug] WARN: Creating socket for 'host.docker.internal:9001', poll success, but error: Operation now in progress (29).
[146] [Step Debug] ERR: Could not connect to debugging client. Tried: host.docker.internal:9001 (through xdebug.client_host/xdebug.client_port).
[146] Log closed at 2025-12-07 03:56:19.408768

[71] Log opened at 2025-12-07 03:56:25.892592
[71] [Config] WARN: Not setting up control socket with default value due to unavailable 'tsc' clock
[71] [Step Debug] INFO: Connecting to configured address/port: host.docker.internal:9001.
[71] [Step Debug] WARN: Creating socket for 'host.docker.internal:9001', poll success, but error: Operation now in progress (29).
[71] [Step Debug] ERR: Could not connect to debugging client. Tried: host.docker.internal:9001 (through xdebug.client_host/xdebug.client_port).
[71] [Step Debug] INFO: Connecting to configured address/port: host.docker.internal:9001.
[71] [Step Debug] WARN: Creating socket for 'host.docker.internal:9001', poll success, but error: Operation now in progress (29).
[71] [Step Debug] ERR: Could not connect to debugging client. Tried: host.docker.internal:9001 (through xdebug.client_host/xdebug.client_port).
[71] Log closed at 2025-12-07 03:56:25.957881

[70] Log opened at 2025-12-07 03:56:30.363067
[70] [Step Debug] INFO: Connecting to configured address/port: host.docker.internal:9001.
[70] [Step Debug] WARN: Creating socket for 'host.docker.internal:9001', poll success, but error: Operation now in progress (29).
[70] [Step Debug] ERR: Could not connect to debugging client. Tried: host.docker.internal:9001 (through xdebug.client_host/xdebug.client_port).
[70] [Step Debug] INFO: Connecting to configured address/port: host.docker.internal:9001.
[70] [Step Debug] WARN: Creating socket for 'host.docker.internal:9001', poll success, but error: Operation now in progress (29).
[70] [Step Debug] ERR: Could not connect to debugging client. Tried: host.docker.internal:9001 (through xdebug.client_host/xdebug.client_port).
[70] Log closed at 2025-12-07 03:56:30.403584

[71] Log opened at 2025-12-07 03:56:31.675968
[71] [Step Debug] INFO: Connecting to configured address/port: host.docker.internal:9001.
[71] [Step Debug] WARN: Creating socket for 'host.docker.internal:9001', poll success, but error: Operation now in progress (29).
[71] [Step Debug] ERR: Could not connect to debugging client. Tried: host.docker.internal:9001 (through xdebug.client_host/xdebug.client_port).
[71] [Step Debug] INFO: Connecting to configured address/port: host.docker.internal:9001.
[71] [Step Debug] WARN: Creating socket for 'host.docker.internal:9001', poll success, but error: Operation now in progress (29).
[71] [Step Debug] ERR: Could not connect to debugging client. Tried: host.docker.internal:9001 (through xdebug.client_host/xdebug.client_port).
[71] Log closed at 2025-12-07 03:56:31.724332

[70] Log opened at 2025-12-07 03:56:41.885366
[70] [Step Debug] INFO: Connecting to configured address/port: host.docker.internal:9001.
[70] [Step Debug] WARN: Creating socket for 'host.docker.internal:9001', poll success, but error: Operation now in progress (29).
[70] [Step Debug] ERR: Could not connect to debugging client. Tried: host.docker.internal:9001 (through xdebug.client_host/xdebug.client_port).
[70] [Step Debug] INFO: Connecting to configured address/port: host.docker.internal:9001.
[70] [Step Debug] WARN: Creating socket for 'host.docker.internal:9001', poll success, but error: Operation now in progress (29).
[70] [Step Debug] ERR: Could not connect to debugging client. Tried: host.docker.internal:9001 (through xdebug.client_host/xdebug.client_port).
[70] Log closed at 2025-12-07 03:56:42.252604

[185] Log opened at 2025-12-07 03:56:50.967660
[185] [Config] WARN: Not setting up control socket with default value due to unavailable 'tsc' clock
[185] [Step Debug] INFO: Connecting to configured address/port: host.docker.internal:9001.
[185] [Step Debug] WARN: Creating socket for 'host.docker.internal:9001', poll success, but error: Operation now in progress (29).
[185] [Step Debug] ERR: Could not connect to debugging client. Tried: host.docker.internal:9001 (through xdebug.client_host/xdebug.client_port).
[185] [Step Debug] INFO: Connecting to configured address/port: host.docker.internal:9001.
[185] [Step Debug] WARN: Creating socket for 'host.docker.internal:9001', poll success, but error: Operation now in progress (29).
[185] [Step Debug] ERR: Could not connect to debugging client. Tried: host.docker.internal:9001 (through xdebug.client_host/xdebug.client_port).
[185] Log closed at 2025-12-07 03:56:51.354246

[71] Log opened at 2025-12-07 03:57:02.008184
[71] [Step Debug] INFO: Connecting to configured address/port: host.docker.internal:9001.
[71] [Step Debug] WARN: Creating socket for 'host.docker.internal:9001', poll success, but error: Operation now in progress (29).
[71] [Step Debug] ERR: Could not connect to debugging client. Tried: host.docker.internal:9001 (through xdebug.client_host/xdebug.client_port).
[71] [Step Debug] INFO: Connecting to configured address/port: host.docker.internal:9001.
[71] [Step Debug] WARN: Creating socket for 'host.docker.internal:9001', poll success, but error: Operation now in progress (29).
[71] [Step Debug] ERR: Could not connect to debugging client. Tried: host.docker.internal:9001 (through xdebug.client_host/xdebug.client_port).
[71] Log closed at 2025-12-07 03:57:02.052829

[35] Log opened at 2025-12-07 03:57:19.952038
[35] [Config] WARN: Not setting up control socket with default value due to unavailable 'tsc' clock
[35] Log closed at 2025-12-07 03:57:19.952379

[95] Log opened at 2025-12-07 03:57:25.606856
[95] [Config] WARN: Not setting up control socket with default value due to unavailable 'tsc' clock
[95] [Step Debug] INFO: Connecting to configured address/port: host.docker.internal:9001.
[95] [Step Debug] WARN: Creating socket for 'host.docker.internal:9001', poll success, but error: Operation now in progress (29).
[95] [Step Debug] ERR: Could not connect to debugging client. Tried: host.docker.internal:9001 (through xdebug.client_host/xdebug.client_port).
[95] [Step Debug] INFO: Connecting to configured address/port: host.docker.internal:9001.
[95] [Step Debug] WARN: Creating socket for 'host.docker.internal:9001', poll success, but error: Operation now in progress (29).
[95] [Step Debug] ERR: Could not connect to debugging client. Tried: host.docker.internal:9001 (through xdebug.client_host/xdebug.client_port).
[95] Log closed at 2025-12-07 03:57:26.084267

[69] Log opened at 2025-12-07 03:57:34.251351
[69] [Config] WARN: Not setting up control socket with default value due to unavailable 'tsc' clock
[69] [Step Debug] INFO: Connecting to configured address/port: host.docker.internal:9001.
[69] [Step Debug] WARN: Creating socket for 'host.docker.internal:9001', poll success, but error: Operation now in progress (29).
[69] [Step Debug] ERR: Could not connect to debugging client. Tried: host.docker.internal:9001 (through xdebug.client_host/xdebug.client_port).
[69] [Step Debug] INFO: Connecting to configured address/port: host.docker.internal:9001.
[69] [Step Debug] WARN: Creating socket for 'host.docker.internal:9001', poll success, but error: Operation now in progress (29).
[69] [Step Debug] ERR: Could not connect to debugging client. Tried: host.docker.internal:9001 (through xdebug.client_host/xdebug.client_port).
[69] Log closed at 2025-12-07 03:57:34.425395

[70] Log opened at 2025-12-07 03:57:37.989590
[70] [Config] WARN: Not setting up control socket with default value due to unavailable 'tsc' clock
[70] [Step Debug] INFO: Connecting to configured address/port: host.docker.internal:9001.
[70] [Step Debug] WARN: Creating socket for 'host.docker.internal:9001', poll success, but error: Operation now in progress (29).
[70] [Step Debug] ERR: Could not connect to debugging client. Tried: host.docker.internal:9001 (through xdebug.client_host/xdebug.client_port).
[70] [Step Debug] INFO: Connecting to configured address/port: host.docker.internal:9001.
[70] [Step Debug] WARN: Creating socket for 'host.docker.internal:9001', poll success, but error: Operation now in progress (29).
[70] [Step Debug] ERR: Could not connect to debugging client. Tried: host.docker.internal:9001 (through xdebug.client_host/xdebug.client_port).
[70] Log closed at 2025-12-07 03:57:38.045606

[69] Log opened at 2025-12-07 03:57:38.859629
[69] [Step Debug] INFO: Connecting to configured address/port: host.docker.internal:9001.
[69] [Step Debug] WARN: Creating socket for 'host.docker.internal:9001', poll success, but error: Operation now in progress (29).
[69] [Step Debug] ERR: Could not connect to debugging client. Tried: host.docker.internal:9001 (through xdebug.client_host/xdebug.client_port).
[69] [Step Debug] INFO: Connecting to configured address/port: host.docker.internal:9001.
[69] [Step Debug] WARN: Creating socket for 'host.docker.internal:9001', poll success, but error: Operation now in progress (29).
[69] [Step Debug] ERR: Could not connect to debugging client. Tried: host.docker.internal:9001 (through xdebug.client_host/xdebug.client_port).
[69] Log closed at 2025-12-07 03:57:38.909361

[70] Log opened at 2025-12-07 03:58:07.121161
[70] [Step Debug] INFO: Connecting to configured address/port: host.docker.internal:9001.
[70] [Step Debug] WARN: Creating socket for 'host.docker.internal:9001', poll success, but error: Operation now in progress (29).
[70] [Step Debug] ERR: Could not connect to debugging client. Tried: host.docker.internal:9001 (through xdebug.client_host/xdebug.client_port).
[70] [Step Debug] INFO: Connecting to configured address/port: host.docker.internal:9001.
[70] [Step Debug] WARN: Creating socket for 'host.docker.internal:9001', poll success, but error: Operation now in progress (29).
[70] [Step Debug] ERR: Could not connect to debugging client. Tried: host.docker.internal:9001 (through xdebug.client_host/xdebug.client_port).
[70] Log closed at 2025-12-07 03:58:07.157943

[69] Log opened at 2025-12-07 03:58:12.773745
[69] [Step Debug] INFO: Connecting to configured address/port: host.docker.internal:9001.
[69] [Step Debug] WARN: Creating socket for 'host.docker.internal:9001', poll success, but error: Operation now in progress (29).
[69] [Step Debug] ERR: Could not connect to debugging client. Tried: host.docker.internal:9001 (through xdebug.client_host/xdebug.client_port).
[69] [Step Debug] INFO: Connecting to configured address/port: host.docker.internal:9001.
[69] [Step Debug] WARN: Creating socket for 'host.docker.internal:9001', poll success, but error: Operation now in progress (29).
[69] [Step Debug] ERR: Could not connect to debugging client. Tried: host.docker.internal:9001 (through xdebug.client_host/xdebug.client_port).
[69] Log closed at 2025-12-07 03:58:12.828850

[111] Log opened at 2025-12-07 03:58:32.749877
[111] [Config] WARN: Not setting up control socket with default value due to unavailable 'tsc' clock
[111] [Step Debug] INFO: Connecting to configured address/port: host.docker.internal:9001.
[111] [Step Debug] WARN: Creating socket for 'host.docker.internal:9001', poll success, but error: Operation now in progress (29).
[111] [Step Debug] ERR: Could not connect to debugging client. Tried: host.docker.internal:9001 (through xdebug.client_host/xdebug.client_port).
[111] [Step Debug] INFO: Connecting to configured address/port: host.docker.internal:9001.
[111] [Step Debug] WARN: Creating socket for 'host.docker.internal:9001', poll success, but error: Operation now in progress (29).
[111] [Step Debug] ERR: Could not connect to debugging client. Tried: host.docker.internal:9001 (through xdebug.client_host/xdebug.client_port).
[111] Log closed at 2025-12-07 03:58:32.880365

[114] Log opened at 2025-12-07 03:58:37.861565
[114] [Config] WARN: Not setting up control socket with default value due to unavailable 'tsc' clock
[114] [Step Debug] INFO: Connecting to configured address/port: host.docker.internal:9001.
[114] [Step Debug] WARN: Creating socket for 'host.docker.internal:9001', poll success, but error: Operation now in progress (29).
[114] [Step Debug] ERR: Could not connect to debugging client. Tried: host.docker.internal:9001 (through xdebug.client_host/xdebug.client_port).
[114] [Step Debug] INFO: Connecting to configured address/port: host.docker.internal:9001.
[114] [Step Debug] WARN: Creating socket for 'host.docker.internal:9001', poll success, but error: Operation now in progress (29).
[114] [Step Debug] ERR: Could not connect to debugging client. Tried: host.docker.internal:9001 (through xdebug.client_host/xdebug.client_port).
[114] Log closed at 2025-12-07 03:58:37.998642

[117] Log opened at 2025-12-07 03:58:43.552208
[117] [Config] WARN: Not setting up control socket with default value due to unavailable 'tsc' clock
[117] [Step Debug] INFO: Connecting to configured address/port: host.docker.internal:9001.
[117] [Step Debug] WARN: Creating socket for 'host.docker.internal:9001', poll success, but error: Operation now in progress (29).
[117] [Step Debug] ERR: Could not connect to debugging client. Tried: host.docker.internal:9001 (through xdebug.client_host/xdebug.client_port).
[117] [Step Debug] INFO: Connecting to configured address/port: host.docker.internal:9001.
[117] [Step Debug] WARN: Creating socket for 'host.docker.internal:9001', poll success, but error: Operation now in progress (29).
[117] [Step Debug] ERR: Could not connect to debugging client. Tried: host.docker.internal:9001 (through xdebug.client_host/xdebug.client_port).
[117] Log closed at 2025-12-07 03:58:44.290584

[70] Log opened at 2025-12-07 03:58:47.537240
[70] [Step Debug] INFO: Connecting to configured address/port: host.docker.internal:9001.
[70] [Step Debug] WARN: Creating socket for 'host.docker.internal:9001', poll success, but error: Operation now in progress (29).
[70] [Step Debug] ERR: Could not connect to debugging client. Tried: host.docker.internal:9001 (through xdebug.client_host/xdebug.client_port).
[70] [Step Debug] INFO: Connecting to configured address/port: host.docker.internal:9001.
[70] [Step Debug] WARN: Creating socket for 'host.docker.internal:9001', poll success, but error: Operation now in progress (29).
[70] [Step Debug] ERR: Could not connect to debugging client. Tried: host.docker.internal:9001 (through xdebug.client_host/xdebug.client_port).
[70] Log closed at 2025-12-07 03:58:47.582567

[69] Log opened at 2025-12-07 03:58:49.315728
[69] [Step Debug] INFO: Connecting to configured address/port: host.docker.internal:9001.
[69] [Step Debug] WARN: Creating socket for 'host.docker.internal:9001', poll success, but error: Operation now in progress (29).
[69] [Step Debug] ERR: Could not connect to debugging client. Tried: host.docker.internal:9001 (through xdebug.client_host/xdebug.client_port).
[69] [Step Debug] INFO: Connecting to configured address/port: host.docker.internal:9001.
[69] [Step Debug] WARN: Creating socket for 'host.docker.internal:9001', poll success, but error: Operation now in progress (29).
[69] [Step Debug] ERR: Could not connect to debugging client. Tried: host.docker.internal:9001 (through xdebug.client_host/xdebug.client_port).
[69] Log closed at 2025-12-07 03:58:49.371115

[70] Log opened at 2025-12-07 03:58:51.861952
[70] [Step Debug] INFO: Connecting to configured address/port: host.docker.internal:9001.
[70] [Step Debug] WARN: Creating socket for 'host.docker.internal:9001', poll success, but error: Operation now in progress (29).
[70] [Step Debug] ERR: Could not connect to debugging client. Tried: host.docker.internal:9001 (through xdebug.client_host/xdebug.client_port).
[70] [Step Debug] INFO: Connecting to configured address/port: host.docker.internal:9001.
[70] [Step Debug] WARN: Creating socket for 'host.docker.internal:9001', poll success, but error: Operation now in progress (29).
[70] [Step Debug] ERR: Could not connect to debugging client. Tried: host.docker.internal:9001 (through xdebug.client_host/xdebug.client_port).
[70] Log closed at 2025-12-07 03:58:51.947943

[69] Log opened at 2025-12-07 03:59:00.651527
[69] [Step Debug] INFO: Connecting to configured address/port: host.docker.internal:9001.
[69] [Step Debug] WARN: Creating socket for 'host.docker.internal:9001', poll success, but error: Operation now in progress (29).
[69] [Step Debug] ERR: Could not connect to debugging client. Tried: host.docker.internal:9001 (through xdebug.client_host/xdebug.client_port).
[69] [Step Debug] INFO: Connecting to configured address/port: host.docker.internal:9001.
[69] [Step Debug] WARN: Creating socket for 'host.docker.internal:9001', poll success, but error: Operation now in progress (29).
[69] [Step Debug] ERR: Could not connect to debugging client. Tried: host.docker.internal:9001 (through xdebug.client_host/xdebug.client_port).
[69] Log closed at 2025-12-07 03:59:00.754175

[70] Log opened at 2025-12-07 03:59:00.753928
[70] [Step Debug] INFO: Connecting to configured address/port: host.docker.internal:9001.
[70] [Step Debug] WARN: Creating socket for 'host.docker.internal:9001', poll success, but error: Operation now in progress (29).
[70] [Step Debug] ERR: Could not connect to debugging client. Tried: host.docker.internal:9001 (through xdebug.client_host/xdebug.client_port).
[70] [Step Debug] INFO: Connecting to configured address/port: host.docker.internal:9001.
[70] [Step Debug] WARN: Creating socket for 'host.docker.internal:9001', poll success, but error: Operation now in progress (29).
[70] [Step Debug] ERR: Could not connect to debugging client. Tried: host.docker.internal:9001 (through xdebug.client_host/xdebug.client_port).
[70] Log closed at 2025-12-07 03:59:00.786621

[69] Log opened at 2025-12-07 03:59:52.668540
[69] [Step Debug] INFO: Connecting to configured address/port: host.docker.internal:9001.
[69] [Step Debug] WARN: Creating socket for 'host.docker.internal:9001', poll success, but error: Operation now in progress (29).
[69] [Step Debug] ERR: Could not connect to debugging client. Tried: host.docker.internal:9001 (through xdebug.client_host/xdebug.client_port).
[69] [Step Debug] INFO: Connecting to configured address/port: host.docker.internal:9001.
[69] [Step Debug] WARN: Creating socket for 'host.docker.internal:9001', poll success, but error: Operation now in progress (29).
[69] [Step Debug] ERR: Could not connect to debugging client. Tried: host.docker.internal:9001 (through xdebug.client_host/xdebug.client_port).
[69] Log closed at 2025-12-07 03:59:52.951007

[70] Log opened at 2025-12-07 03:59:52.971109
[70] [Step Debug] INFO: Connecting to configured address/port: host.docker.internal:9001.
[70] [Step Debug] WARN: Creating socket for 'host.docker.internal:9001', poll success, but error: Operation now in progress (29).
[70] [Step Debug] ERR: Could not connect to debugging client. Tried: host.docker.internal:9001 (through xdebug.client_host/xdebug.client_port).
[70] [Step Debug] INFO: Connecting to configured address/port: host.docker.internal:9001.
[70] [Step Debug] WARN: Creating socket for 'host.docker.internal:9001', poll success, but error: Operation now in progress (29).
[70] [Step Debug] ERR: Could not connect to debugging client. Tried: host.docker.internal:9001 (through xdebug.client_host/xdebug.client_port).
[70] Log closed at 2025-12-07 03:59:53.026150

[69] Log opened at 2025-12-07 03:59:55.568685
[69] [Step Debug] INFO: Connecting to configured address/port: host.docker.internal:9001.
[69] [Step Debug] WARN: Creating socket for 'host.docker.internal:9001', poll success, but error: Operation now in progress (29).
[69] [Step Debug] ERR: Could not connect to debugging client. Tried: host.docker.internal:9001 (through xdebug.client_host/xdebug.client_port).
[69] [Step Debug] INFO: Connecting to configured address/port: host.docker.internal:9001.
[69] [Step Debug] WARN: Creating socket for 'host.docker.internal:9001', poll success, but error: Operation now in progress (29).
[69] [Step Debug] ERR: Could not connect to debugging client. Tried: host.docker.internal:9001 (through xdebug.client_host/xdebug.client_port).
[69] Log closed at 2025-12-07 03:59:55.629488

[70] Log opened at 2025-12-07 03:59:57.697071
[70] [Step Debug] INFO: Connecting to configured address/port: host.docker.internal:9001.
[70] [Step Debug] WARN: Creating socket for 'host.docker.internal:9001', poll success, but error: Operation now in progress (29).
[70] [Step Debug] ERR: Could not connect to debugging client. Tried: host.docker.internal:9001 (through xdebug.client_host/xdebug.client_port).
[70] [Step Debug] INFO: Connecting to configured address/port: host.docker.internal:9001.
[70] [Step Debug] WARN: Creating socket for 'host.docker.internal:9001', poll success, but error: Operation now in progress (29).
[70] [Step Debug] ERR: Could not connect to debugging client. Tried: host.docker.internal:9001 (through xdebug.client_host/xdebug.client_port).
[70] Log closed at 2025-12-07 03:59:57.749685

[69] Log opened at 2025-12-07 03:59:59.328225
[69] [Step Debug] INFO: Connecting to configured address/port: host.docker.internal:9001.
[69] [Step Debug] WARN: Creating socket for 'host.docker.internal:9001', poll success, but error: Operation now in progress (29).
[69] [Step Debug] ERR: Could not connect to debugging client. Tried: host.docker.internal:9001 (through xdebug.client_host/xdebug.client_port).
[69] [Step Debug] INFO: Connecting to configured address/port: host.docker.internal:9001.
[69] [Step Debug] WARN: Creating socket for 'host.docker.internal:9001', poll success, but error: Operation now in progress (29).
[69] [Step Debug] ERR: Could not connect to debugging client. Tried: host.docker.internal:9001 (through xdebug.client_host/xdebug.client_port).
[69] Log closed at 2025-12-07 03:59:59.379733

[70] Log opened at 2025-12-07 04:00:04.609804
[70] [Step Debug] INFO: Connecting to configured address/port: host.docker.internal:9001.
[70] [Step Debug] WARN: Creating socket for 'host.docker.internal:9001', poll success, but error: Operation now in progress (29).
[70] [Step Debug] ERR: Could not connect to debugging client. Tried: host.docker.internal:9001 (through xdebug.client_host/xdebug.client_port).
[70] [Step Debug] INFO: Connecting to configured address/port: host.docker.internal:9001.
[70] [Step Debug] WARN: Creating socket for 'host.docker.internal:9001', poll success, but error: Operation now in progress (29).
[70] [Step Debug] ERR: Could not connect to debugging client. Tried: host.docker.internal:9001 (through xdebug.client_host/xdebug.client_port).
[70] Log closed at 2025-12-07 04:00:04.671062

[69] Log opened at 2025-12-07 04:00:07.870272
[69] [Step Debug] INFO: Connecting to configured address/port: host.docker.internal:9001.
[69] [Step Debug] WARN: Creating socket for 'host.docker.internal:9001', poll success, but error: Operation now in progress (29).
[69] [Step Debug] ERR: Could not connect to debugging client. Tried: host.docker.internal:9001 (through xdebug.client_host/xdebug.client_port).
[69] [Step Debug] INFO: Connecting to configured address/port: host.docker.internal:9001.
[69] [Step Debug] WARN: Creating socket for 'host.docker.internal:9001', poll success, but error: Operation now in progress (29).
[69] [Step Debug] ERR: Could not connect to debugging client. Tried: host.docker.internal:9001 (through xdebug.client_host/xdebug.client_port).
[69] Log closed at 2025-12-07 04:00:07.920122

[70] Log opened at 2025-12-07 04:00:14.678639
[70] [Step Debug] INFO: Connecting to configured address/port: host.docker.internal:9001.
[70] [Step Debug] WARN: Creating socket for 'host.docker.internal:9001', poll success, but error: Operation now in progress (29).
[70] [Step Debug] ERR: Could not connect to debugging client. Tried: host.docker.internal:9001 (through xdebug.client_host/xdebug.client_port).
[70] [Step Debug] INFO: Connecting to configured address/port: host.docker.internal:9001.
[70] [Step Debug] WARN: Creating socket for 'host.docker.internal:9001', poll success, but error: Operation now in progress (29).
[70] [Step Debug] ERR: Could not connect to debugging client. Tried: host.docker.internal:9001 (through xdebug.client_host/xdebug.client_port).
[70] Log closed at 2025-12-07 04:00:14.736888

[69] Log opened at 2025-12-07 04:00:16.724091
[69] [Step Debug] INFO: Connecting to configured address/port: host.docker.internal:9001.
[69] [Step Debug] WARN: Creating socket for 'host.docker.internal:9001', poll success, but error: Operation now in progress (29).
[69] [Step Debug] ERR: Could not connect to debugging client. Tried: host.docker.internal:9001 (through xdebug.client_host/xdebug.client_port).
[69] [Step Debug] INFO: Connecting to configured address/port: host.docker.internal:9001.
[69] [Step Debug] WARN: Creating socket for 'host.docker.internal:9001', poll success, but error: Operation now in progress (29).
[69] [Step Debug] ERR: Could not connect to debugging client. Tried: host.docker.internal:9001 (through xdebug.client_host/xdebug.client_port).
[69] Log closed at 2025-12-07 04:00:16.769296

[70] Log opened at 2025-12-07 04:00:21.248429
[70] [Step Debug] INFO: Connecting to configured address/port: host.docker.internal:9001.
[70] [Step Debug] WARN: Creating socket for 'host.docker.internal:9001', poll success, but error: Operation now in progress (29).
[70] [Step Debug] ERR: Could not connect to debugging client. Tried: host.docker.internal:9001 (through xdebug.client_host/xdebug.client_port).
[70] [Step Debug] INFO: Connecting to configured address/port: host.docker.internal:9001.
[70] [Step Debug] WARN: Creating socket for 'host.docker.internal:9001', poll success, but error: Operation now in progress (29).
[70] [Step Debug] ERR: Could not connect to debugging client. Tried: host.docker.internal:9001 (through xdebug.client_host/xdebug.client_port).
[70] Log closed at 2025-12-07 04:00:21.307558

[69] Log opened at 2025-12-07 04:00:47.500357
[69] [Step Debug] INFO: Connecting to configured address/port: host.docker.internal:9001.
[69] [Step Debug] WARN: Creating socket for 'host.docker.internal:9001', poll success, but error: Operation now in progress (29).
[69] [Step Debug] ERR: Could not connect to debugging client. Tried: host.docker.internal:9001 (through xdebug.client_host/xdebug.client_port).
[69] [Step Debug] INFO: Connecting to configured address/port: host.docker.internal:9001.
[69] [Step Debug] WARN: Creating socket for 'host.docker.internal:9001', poll success, but error: Operation now in progress (29).
[69] [Step Debug] ERR: Could not connect to debugging client. Tried: host.docker.internal:9001 (through xdebug.client_host/xdebug.client_port).
[121] Log opened at 2025-12-07 04:00:47.547072
[121] [Config] WARN: Not setting up control socket with default value due to unavailable 'tsc' clock
[121] [Step Debug] INFO: Connecting to configured address/port: host.docker.internal:9001.
[121] [Step Debug] WARN: Creating socket for 'host.docker.internal:9001', poll success, but error: Operation now in progress (29).
[121] [Step Debug] ERR: Could not connect to debugging client. Tried: host.docker.internal:9001 (through xdebug.client_host/xdebug.client_port).
[121] [Step Debug] INFO: Connecting to configured address/port: host.docker.internal:9001.
[121] [Step Debug] WARN: Creating socket for 'host.docker.internal:9001', poll success, but error: Operation now in progress (29).
[121] [Step Debug] ERR: Could not connect to debugging client. Tried: host.docker.internal:9001 (through xdebug.client_host/xdebug.client_port).
[69] Log closed at 2025-12-07 04:00:47.572200

[121] Log closed at 2025-12-07 04:00:48.125770

[70] Log opened at 2025-12-07 04:00:48.178623
[70] [Step Debug] INFO: Connecting to configured address/port: host.docker.internal:9001.
[70] [Step Debug] WARN: Creating socket for 'host.docker.internal:9001', poll success, but error: Operation now in progress (29).
[70] [Step Debug] ERR: Could not connect to debugging client. Tried: host.docker.internal:9001 (through xdebug.client_host/xdebug.client_port).
[70] [Step Debug] INFO: Connecting to configured address/port: host.docker.internal:9001.
[70] [Step Debug] WARN: Creating socket for 'host.docker.internal:9001', poll success, but error: Operation now in progress (29).
[70] [Step Debug] ERR: Could not connect to debugging client. Tried: host.docker.internal:9001 (through xdebug.client_host/xdebug.client_port).
[70] Log closed at 2025-12-07 04:00:48.227723

[69] Log opened at 2025-12-07 04:02:01.560757
[69] [Step Debug] INFO: Connecting to configured address/port: host.docker.internal:9001.
[69] [Step Debug] WARN: Creating socket for 'host.docker.internal:9001', poll success, but error: Operation now in progress (29).
[69] [Step Debug] ERR: Could not connect to debugging client. Tried: host.docker.internal:9001 (through xdebug.client_host/xdebug.client_port).
[69] [Step Debug] INFO: Connecting to configured address/port: host.docker.internal:9001.
[69] [Step Debug] WARN: Creating socket for 'host.docker.internal:9001', poll success, but error: Operation now in progress (29).
[69] [Step Debug] ERR: Could not connect to debugging client. Tried: host.docker.internal:9001 (through xdebug.client_host/xdebug.client_port).
[126] Log opened at 2025-12-07 04:02:01.607063
[126] [Config] WARN: Not setting up control socket with default value due to unavailable 'tsc' clock
[126] [Step Debug] INFO: Connecting to configured address/port: host.docker.internal:9001.
[126] [Step Debug] WARN: Creating socket for 'host.docker.internal:9001', poll success, but error: Operation now in progress (29).
[126] [Step Debug] ERR: Could not connect to debugging client. Tried: host.docker.internal:9001 (through xdebug.client_host/xdebug.client_port).
[126] [Step Debug] INFO: Connecting to configured address/port: host.docker.internal:9001.
[126] [Step Debug] WARN: Creating socket for 'host.docker.internal:9001', poll success, but error: Operation now in progress (29).
[126] [Step Debug] ERR: Could not connect to debugging client. Tried: host.docker.internal:9001 (through xdebug.client_host/xdebug.client_port).
[69] Log closed at 2025-12-07 04:02:01.631615

[126] Log closed at 2025-12-07 04:02:02.361184

[70] Log opened at 2025-12-07 04:02:02.346352
[70] [Step Debug] INFO: Connecting to configured address/port: host.docker.internal:9001.
[70] [Step Debug] WARN: Creating socket for 'host.docker.internal:9001', poll success, but error: Operation now in progress (29).
[70] [Step Debug] ERR: Could not connect to debugging client. Tried: host.docker.internal:9001 (through xdebug.client_host/xdebug.client_port).
[70] [Step Debug] INFO: Connecting to configured address/port: host.docker.internal:9001.
[70] [Step Debug] WARN: Creating socket for 'host.docker.internal:9001', poll success, but error: Operation now in progress (29).
[70] [Step Debug] ERR: Could not connect to debugging client. Tried: host.docker.internal:9001 (through xdebug.client_host/xdebug.client_port).
[70] Log closed at 2025-12-07 04:02:02.403114

[69] Log opened at 2025-12-07 04:02:02.960711
[69] [Step Debug] INFO: Connecting to configured address/port: host.docker.internal:9001.
[69] [Step Debug] WARN: Creating socket for 'host.docker.internal:9001', poll success, but error: Operation now in progress (29).
[69] [Step Debug] ERR: Could not connect to debugging client. Tried: host.docker.internal:9001 (through xdebug.client_host/xdebug.client_port).
[69] [Step Debug] INFO: Connecting to configured address/port: host.docker.internal:9001.
[69] [Step Debug] WARN: Creating socket for 'host.docker.internal:9001', poll success, but error: Operation now in progress (29).
[69] [Step Debug] ERR: Could not connect to debugging client. Tried: host.docker.internal:9001 (through xdebug.client_host/xdebug.client_port).
[69] Log closed at 2025-12-07 04:02:03.027998

[70] Log opened at 2025-12-07 04:02:06.547299
[70] [Step Debug] INFO: Connecting to configured address/port: host.docker.internal:9001.
[70] [Step Debug] WARN: Creating socket for 'host.docker.internal:9001', poll success, but error: Operation now in progress (29).
[70] [Step Debug] ERR: Could not connect to debugging client. Tried: host.docker.internal:9001 (through xdebug.client_host/xdebug.client_port).
[70] [Step Debug] INFO: Connecting to configured address/port: host.docker.internal:9001.
[70] [Step Debug] WARN: Creating socket for 'host.docker.internal:9001', poll success, but error: Operation now in progress (29).
[70] [Step Debug] ERR: Could not connect to debugging client. Tried: host.docker.internal:9001 (through xdebug.client_host/xdebug.client_port).
[70] Log closed at 2025-12-07 04:02:06.604551

[69] Log opened at 2025-12-07 04:02:06.604634
[69] [Step Debug] INFO: Connecting to configured address/port: host.docker.internal:9001.
[69] [Step Debug] WARN: Creating socket for 'host.docker.internal:9001', poll success, but error: Operation now in progress (29).
[69] [Step Debug] ERR: Could not connect to debugging client. Tried: host.docker.internal:9001 (through xdebug.client_host/xdebug.client_port).
[69] [Step Debug] INFO: Connecting to configured address/port: host.docker.internal:9001.
[69] [Step Debug] WARN: Creating socket for 'host.docker.internal:9001', poll success, but error: Operation now in progress (29).
[69] [Step Debug] ERR: Could not connect to debugging client. Tried: host.docker.internal:9001 (through xdebug.client_host/xdebug.client_port).
[69] Log closed at 2025-12-07 04:02:06.637258

[70] Log opened at 2025-12-07 04:02:15.260116
[70] [Step Debug] INFO: Connecting to configured address/port: host.docker.internal:9001.
[70] [Step Debug] WARN: Creating socket for 'host.docker.internal:9001', poll success, but error: Operation now in progress (29).
[70] [Step Debug] ERR: Could not connect to debugging client. Tried: host.docker.internal:9001 (through xdebug.client_host/xdebug.client_port).
[70] [Step Debug] INFO: Connecting to configured address/port: host.docker.internal:9001.
[70] [Step Debug] WARN: Creating socket for 'host.docker.internal:9001', poll success, but error: Operation now in progress (29).
[70] [Step Debug] ERR: Could not connect to debugging client. Tried: host.docker.internal:9001 (through xdebug.client_host/xdebug.client_port).
[70] Log closed at 2025-12-07 04:02:15.303635

